2013/08/26 15:27:05 [error] [exception.CHttpException.404] exception 'CHttpException' with message 'Невозможно обработать запрос "assets/5e36074b/js/listitem_view.js".' in /Applications/MAMP/framework14/web/CWebApplication.php:286
Stack trace:
#0 /Applications/MAMP/framework14/web/CWebApplication.php(141): CWebApplication->runController('assets/5e36074b...')
#1 /Applications/MAMP/framework14/base/CApplication.php(180): CWebApplication->processRequest()
#2 /Applications/MAMP/htdocs/ford/index.php(13): CApplication->run()
#3 {main}
REQUEST_URI=/assets/5e36074b/js/listitem_view.js
HTTP_REFERER=http://ford1.loc/admin/staticpage/list
---
2013/08/26 15:27:05 [error] [exception.CHttpException.404] exception 'CHttpException' with message 'Невозможно обработать запрос "media/images/thumbs/small_".' in /Applications/MAMP/framework14/web/CWebApplication.php:286
Stack trace:
#0 /Applications/MAMP/framework14/web/CWebApplication.php(141): CWebApplication->runController('media/images/th...')
#1 /Applications/MAMP/framework14/base/CApplication.php(180): CWebApplication->processRequest()
#2 /Applications/MAMP/htdocs/ford/index.php(13): CApplication->run()
#3 {main}
REQUEST_URI=/media/images/thumbs/small_
HTTP_REFERER=http://ford1.loc/admin/staticpage/list
---
2013/08/26 15:27:08 [error] [exception.CHttpException.404] exception 'CHttpException' with message 'Невозможно обработать запрос "media/images/thumbs/medium_".' in /Applications/MAMP/framework14/web/CWebApplication.php:286
Stack trace:
#0 /Applications/MAMP/framework14/web/CWebApplication.php(141): CWebApplication->runController('media/images/th...')
#1 /Applications/MAMP/framework14/base/CApplication.php(180): CWebApplication->processRequest()
#2 /Applications/MAMP/htdocs/ford/index.php(13): CApplication->run()
#3 {main}
REQUEST_URI=/media/images/thumbs/medium_
HTTP_REFERER=http://ford1.loc/admin/staticpage/update/id/4
---
2013/08/26 15:27:09 [error] [exception.CHttpException.404] exception 'CHttpException' with message 'Невозможно обработать запрос "media/images/thumbs/medium_".' in /Applications/MAMP/framework14/web/CWebApplication.php:286
Stack trace:
#0 /Applications/MAMP/framework14/web/CWebApplication.php(141): CWebApplication->runController('media/images/th...')
#1 /Applications/MAMP/framework14/base/CApplication.php(180): CWebApplication->processRequest()
#2 /Applications/MAMP/htdocs/ford/index.php(13): CApplication->run()
#3 {main}
REQUEST_URI=/media/images/thumbs/medium_
HTTP_REFERER=http://ford1.loc/admin/staticpage/update/id/4
---
2013/08/26 15:27:13 [warning] [application] Не удалось присвоить небезопасный атрибут "image" класса "Staticpage".
in /Applications/MAMP/htdocs/ford/protected/modules/admin/controllers/StaticpageController.php (65)
in /Applications/MAMP/htdocs/ford/index.php (13)
2013/08/26 15:27:13 [error] [exception.CHttpException.404] exception 'CHttpException' with message 'Невозможно обработать запрос "assets/5e36074b/js/listitem_view.js".' in /Applications/MAMP/framework14/web/CWebApplication.php:286
Stack trace:
#0 /Applications/MAMP/framework14/web/CWebApplication.php(141): CWebApplication->runController('assets/5e36074b...')
#1 /Applications/MAMP/framework14/base/CApplication.php(180): CWebApplication->processRequest()
#2 /Applications/MAMP/htdocs/ford/index.php(13): CApplication->run()
#3 {main}
REQUEST_URI=/assets/5e36074b/js/listitem_view.js
HTTP_REFERER=http://ford1.loc/admin/staticpage/list
---
2013/08/26 15:27:13 [error] [exception.CHttpException.404] exception 'CHttpException' with message 'Невозможно обработать запрос "media/images/thumbs/small_".' in /Applications/MAMP/framework14/web/CWebApplication.php:286
Stack trace:
#0 /Applications/MAMP/framework14/web/CWebApplication.php(141): CWebApplication->runController('media/images/th...')
#1 /Applications/MAMP/framework14/base/CApplication.php(180): CWebApplication->processRequest()
#2 /Applications/MAMP/htdocs/ford/index.php(13): CApplication->run()
#3 {main}
REQUEST_URI=/media/images/thumbs/small_
HTTP_REFERER=http://ford1.loc/admin/staticpage/list
---
2013/08/26 15:27:14 [error] [exception.CHttpException.404] exception 'CHttpException' with message 'Невозможно обработать запрос "assets/5e36074b/js/listitem_view.js".' in /Applications/MAMP/framework14/web/CWebApplication.php:286
Stack trace:
#0 /Applications/MAMP/framework14/web/CWebApplication.php(141): CWebApplication->runController('assets/5e36074b...')
#1 /Applications/MAMP/framework14/base/CApplication.php(180): CWebApplication->processRequest()
#2 /Applications/MAMP/htdocs/ford/index.php(13): CApplication->run()
#3 {main}
REQUEST_URI=/assets/5e36074b/js/listitem_view.js
HTTP_REFERER=http://ford1.loc/admin/staticpage/list
---
2013/08/26 15:27:14 [error] [exception.CHttpException.404] exception 'CHttpException' with message 'Невозможно обработать запрос "media/images/thumbs/small_".' in /Applications/MAMP/framework14/web/CWebApplication.php:286
Stack trace:
#0 /Applications/MAMP/framework14/web/CWebApplication.php(141): CWebApplication->runController('media/images/th...')
#1 /Applications/MAMP/framework14/base/CApplication.php(180): CWebApplication->processRequest()
#2 /Applications/MAMP/htdocs/ford/index.php(13): CApplication->run()
#3 {main}
REQUEST_URI=/media/images/thumbs/small_
HTTP_REFERER=http://ford1.loc/admin/staticpage/list
---
2013/08/26 15:27:15 [error] [exception.CHttpException.404] exception 'CHttpException' with message 'Невозможно обработать запрос "media/images/thumbs/medium_".' in /Applications/MAMP/framework14/web/CWebApplication.php:286
Stack trace:
#0 /Applications/MAMP/framework14/web/CWebApplication.php(141): CWebApplication->runController('media/images/th...')
#1 /Applications/MAMP/framework14/base/CApplication.php(180): CWebApplication->processRequest()
#2 /Applications/MAMP/htdocs/ford/index.php(13): CApplication->run()
#3 {main}
REQUEST_URI=/media/images/thumbs/medium_
HTTP_REFERER=http://ford1.loc/admin/staticpage/update/id/4
---
2013/08/26 15:27:16 [error] [exception.CHttpException.404] exception 'CHttpException' with message 'Невозможно обработать запрос "media/images/thumbs/medium_".' in /Applications/MAMP/framework14/web/CWebApplication.php:286
Stack trace:
#0 /Applications/MAMP/framework14/web/CWebApplication.php(141): CWebApplication->runController('media/images/th...')
#1 /Applications/MAMP/framework14/base/CApplication.php(180): CWebApplication->processRequest()
#2 /Applications/MAMP/htdocs/ford/index.php(13): CApplication->run()
#3 {main}
REQUEST_URI=/media/images/thumbs/medium_
HTTP_REFERER=http://ford1.loc/admin/staticpage/update/id/4
---
2013/08/26 15:30:58 [error] [exception.CHttpException.404] exception 'CHttpException' with message 'Невозможно обработать запрос "assets/5e36074b/js/listitem_view.js".' in /Applications/MAMP/framework14/web/CWebApplication.php:286
Stack trace:
#0 /Applications/MAMP/framework14/web/CWebApplication.php(141): CWebApplication->runController('assets/5e36074b...')
#1 /Applications/MAMP/framework14/base/CApplication.php(180): CWebApplication->processRequest()
#2 /Applications/MAMP/htdocs/ford/index.php(13): CApplication->run()
#3 {main}
REQUEST_URI=/assets/5e36074b/js/listitem_view.js
HTTP_REFERER=http://ford1.loc/admin/staticpage/list
---
2013/08/26 15:30:58 [error] [exception.CHttpException.404] exception 'CHttpException' with message 'Невозможно обработать запрос "media/images/thumbs/small_".' in /Applications/MAMP/framework14/web/CWebApplication.php:286
Stack trace:
#0 /Applications/MAMP/framework14/web/CWebApplication.php(141): CWebApplication->runController('media/images/th...')
#1 /Applications/MAMP/framework14/base/CApplication.php(180): CWebApplication->processRequest()
#2 /Applications/MAMP/htdocs/ford/index.php(13): CApplication->run()
#3 {main}
REQUEST_URI=/media/images/thumbs/small_
HTTP_REFERER=http://ford1.loc/admin/staticpage/list
---
2013/08/26 15:30:59 [error] [exception.CHttpException.404] exception 'CHttpException' with message 'Невозможно обработать запрос "media/images/thumbs/small_".' in /Applications/MAMP/framework14/web/CWebApplication.php:286
Stack trace:
#0 /Applications/MAMP/framework14/web/CWebApplication.php(141): CWebApplication->runController('media/images/th...')
#1 /Applications/MAMP/framework14/base/CApplication.php(180): CWebApplication->processRequest()
#2 /Applications/MAMP/htdocs/ford/index.php(13): CApplication->run()
#3 {main}
REQUEST_URI=/media/images/thumbs/small_
HTTP_REFERER=http://ford1.loc/admin/staticpage/list
---
2013/08/26 15:30:59 [error] [exception.CHttpException.404] exception 'CHttpException' with message 'Невозможно обработать запрос "assets/5e36074b/js/listitem_view.js".' in /Applications/MAMP/framework14/web/CWebApplication.php:286
Stack trace:
#0 /Applications/MAMP/framework14/web/CWebApplication.php(141): CWebApplication->runController('assets/5e36074b...')
#1 /Applications/MAMP/framework14/base/CApplication.php(180): CWebApplication->processRequest()
#2 /Applications/MAMP/htdocs/ford/index.php(13): CApplication->run()
#3 {main}
REQUEST_URI=/assets/5e36074b/js/listitem_view.js
HTTP_REFERER=http://ford1.loc/admin/staticpage/list
---
2013/08/26 15:31:13 [error] [exception.CHttpException.404] exception 'CHttpException' with message 'Unable to find the requested object.' in /Applications/MAMP/htdocs/ford/protected/modules/admin/controllers/SettingsiteController.php:10
Stack trace:
#0 [internal function]: SettingSiteController->actionUpdate('??')
#1 /Applications/MAMP/framework14/web/actions/CAction.php(108): ReflectionMethod->invokeArgs(Object(SettingSiteController), Array)
#2 /Applications/MAMP/framework14/web/actions/CInlineAction.php(47): CAction->runWithParamsInternal(Object(SettingSiteController), Object(ReflectionMethod), Array)
#3 /Applications/MAMP/framework14/web/CController.php(308): CInlineAction->runWithParams(Array)
#4 /Applications/MAMP/framework14/web/CController.php(286): CController->runAction(Object(CInlineAction))
#5 /Applications/MAMP/framework14/web/CController.php(265): CController->runActionWithFilters(Object(CInlineAction), Array)
#6 /Applications/MAMP/framework14/web/CWebApplication.php(282): CController->run('update')
#7 /Applications/MAMP/framework14/web/CWebApplication.php(141): CWebApplication->runController('admin/settingsi...')
#8 /Applications/MAMP/framework14/base/CApplication.php(180): CWebApplication->processRequest()
#9 /Applications/MAMP/htdocs/ford/index.php(13): CApplication->run()
#10 {main}
REQUEST_URI=/admin/settingsite/update/id/%D1%86
---
2013/08/26 15:31:16 [error] [exception.CHttpException.404] exception 'CHttpException' with message 'Unable to find the requested object.' in /Applications/MAMP/htdocs/ford/protected/modules/admin/controllers/SettingsiteController.php:10
Stack trace:
#0 [internal function]: SettingSiteController->actionUpdate('2')
#1 /Applications/MAMP/framework14/web/actions/CAction.php(108): ReflectionMethod->invokeArgs(Object(SettingSiteController), Array)
#2 /Applications/MAMP/framework14/web/actions/CInlineAction.php(47): CAction->runWithParamsInternal(Object(SettingSiteController), Object(ReflectionMethod), Array)
#3 /Applications/MAMP/framework14/web/CController.php(308): CInlineAction->runWithParams(Array)
#4 /Applications/MAMP/framework14/web/CController.php(286): CController->runAction(Object(CInlineAction))
#5 /Applications/MAMP/framework14/web/CController.php(265): CController->runActionWithFilters(Object(CInlineAction), Array)
#6 /Applications/MAMP/framework14/web/CWebApplication.php(282): CController->run('update')
#7 /Applications/MAMP/framework14/web/CWebApplication.php(141): CWebApplication->runController('admin/settingsi...')
#8 /Applications/MAMP/framework14/base/CApplication.php(180): CWebApplication->processRequest()
#9 /Applications/MAMP/htdocs/ford/index.php(13): CApplication->run()
#10 {main}
REQUEST_URI=/admin/settingsite/update/id/2
---
2013/08/26 15:31:18 [error] [exception.CHttpException.404] exception 'CHttpException' with message 'Unable to find the requested object.' in /Applications/MAMP/htdocs/ford/protected/modules/admin/controllers/SettingsiteController.php:10
Stack trace:
#0 [internal function]: SettingSiteController->actionUpdate('??')
#1 /Applications/MAMP/framework14/web/actions/CAction.php(108): ReflectionMethod->invokeArgs(Object(SettingSiteController), Array)
#2 /Applications/MAMP/framework14/web/actions/CInlineAction.php(47): CAction->runWithParamsInternal(Object(SettingSiteController), Object(ReflectionMethod), Array)
#3 /Applications/MAMP/framework14/web/CController.php(308): CInlineAction->runWithParams(Array)
#4 /Applications/MAMP/framework14/web/CController.php(286): CController->runAction(Object(CInlineAction))
#5 /Applications/MAMP/framework14/web/CController.php(265): CController->runActionWithFilters(Object(CInlineAction), Array)
#6 /Applications/MAMP/framework14/web/CWebApplication.php(282): CController->run('update')
#7 /Applications/MAMP/framework14/web/CWebApplication.php(141): CWebApplication->runController('admin/settingsi...')
#8 /Applications/MAMP/framework14/base/CApplication.php(180): CWebApplication->processRequest()
#9 /Applications/MAMP/htdocs/ford/index.php(13): CApplication->run()
#10 {main}
REQUEST_URI=/admin/settingsite/update/id/%D1%86
---
2013/08/26 15:53:08 [error] [exception.CHttpException.404] exception 'CHttpException' with message 'Невозможно обработать запрос "assets/5e36074b/js/listitem_view.js".' in /Applications/MAMP/framework14/web/CWebApplication.php:286
Stack trace:
#0 /Applications/MAMP/framework14/web/CWebApplication.php(141): CWebApplication->runController('assets/5e36074b...')
#1 /Applications/MAMP/framework14/base/CApplication.php(180): CWebApplication->processRequest()
#2 /Applications/MAMP/htdocs/ford/index.php(13): CApplication->run()
#3 {main}
REQUEST_URI=/assets/5e36074b/js/listitem_view.js
HTTP_REFERER=http://ford1.loc/admin/staticpage/list
---
2013/08/26 15:53:08 [error] [exception.CHttpException.404] exception 'CHttpException' with message 'Невозможно обработать запрос "media/images/thumbs/small_".' in /Applications/MAMP/framework14/web/CWebApplication.php:286
Stack trace:
#0 /Applications/MAMP/framework14/web/CWebApplication.php(141): CWebApplication->runController('media/images/th...')
#1 /Applications/MAMP/framework14/base/CApplication.php(180): CWebApplication->processRequest()
#2 /Applications/MAMP/htdocs/ford/index.php(13): CApplication->run()
#3 {main}
REQUEST_URI=/media/images/thumbs/small_
HTTP_REFERER=http://ford1.loc/admin/staticpage/list
---
